<?xml version="1.0" encoding="UTF-8"?>
<!-- Generated by org.testng.reporters.JUnitReportReporter -->
<testsuite hostname="LAPTOP-AE49641U" failures="0" tests="1" name="userManagement.GetUsers" time="1.542" errors="0" timestamp="2024-07-19T12:01:48 IST" skipped="0">
  <testcase classname="userManagement.GetUsers" name="getUserData" time="1.542"/>
  <system-out/>
</testsuite> <!-- userManagement.GetUsers -->
